# JRE version: OpenJDK Runtime Environment (21.0.6) (build 21.0.6+-13391695-b895.109)
# Java VM: OpenJDK 64-Bit Server VM (21.0.6+-13391695-b895.109, mixed mode, tiered, compressed oops, compressed class ptrs, g1 gc, windows-amd64)
GC Precious Log:
 CardTable entry size: 512
 Card Set container configuration: InlinePtr #cards 5 size 8 Array Of Cards #cards 12 size 40 Howl #buckets 4 coarsen threshold 1843 Howl Bitmap #cards 512 size 80 coarsen threshold 460 Card regions per heap region 1 cards per card region 2048
 CPUs: 8 total, 8 available
 Memory: 7413M
 Large Page Support: Disabled
 NUMA Support: Disabled
 Compressed Oops: Enabled (32-bit)
 Heap Region Size: 1M
 Heap Min Capacity: 8M
 Heap Initial Capacity: 116M
 Heap Max Capacity: 1536M
 Pre-touch: Disabled
 Parallel Workers: 8
 Concurrent Workers: 2
 Concurrent Refinement Workers: 8
 Periodic GC: Disabled
Heap:
 garbage-first heap   total 107520K, used 70163K [0x00000000a0000000, 0x0000000100000000)
  region size 1024K, 8 young (8192K), 3 survivors (3072K)
 Metaspace       used 78740K, committed 80640K, reserved 344064K
  class space    used 10904K, committed 11840K, reserved 212992K
GC Heap History (20 events):
Event: 23.066 GC heap before
{Heap before GC invocations=17 (full 0):
 garbage-first heap   total 80896K, used 71859K [0x00000000a0000000, 0x0000000100000000)
  region size 1024K, 34 young (34816K), 2 survivors (2048K)
 Metaspace       used 60223K, committed 61824K, reserved 278528K
  class space    used 8241K, committed 9024K, reserved 212992K
}
Event: 23.074 GC heap after
{Heap after GC invocations=18 (full 0):
 garbage-first heap   total 80896K, used 44679K [0x00000000a0000000, 0x0000000100000000)
  region size 1024K, 5 young (5120K), 5 survivors (5120K)
 Metaspace       used 60223K, committed 61824K, reserved 278528K
  class space    used 8241K, committed 9024K, reserved 212992K
}
Event: 23.965 GC heap before
{Heap before GC invocations=18 (full 0):
 garbage-first heap   total 80896K, used 69255K [0x00000000a0000000, 0x0000000100000000)
  region size 1024K, 30 young (30720K), 5 survivors (5120K)
 Metaspace       used 62203K, committed 63936K, reserved 278528K
  class space    used 8556K, committed 9408K, reserved 212992K
}
Event: 23.970 GC heap after
{Heap after GC invocations=19 (full 0):
 garbage-first heap   total 80896K, used 46254K [0x00000000a0000000, 0x0000000100000000)
  region size 1024K, 3 young (3072K), 3 survivors (3072K)
 Metaspace       used 62203K, committed 63936K, reserved 278528K
  class space    used 8556K, committed 9408K, reserved 212992K
}
Event: 24.804 GC heap before
{Heap before GC invocations=19 (full 0):
 garbage-first heap   total 80896K, used 66734K [0x00000000a0000000, 0x0000000100000000)
  region size 1024K, 24 young (24576K), 3 survivors (3072K)
 Metaspace       used 64202K, committed 65984K, reserved 278528K
  class space    used 8899K, committed 9792K, reserved 212992K
}
Event: 24.810 GC heap after
{Heap after GC invocations=20 (full 0):
 garbage-first heap   total 80896K, used 47635K [0x00000000a0000000, 0x0000000100000000)
  region size 1024K, 2 young (2048K), 2 survivors (2048K)
 Metaspace       used 64202K, committed 65984K, reserved 278528K
  class space    used 8899K, committed 9792K, reserved 212992K
}
Event: 26.114 GC heap before
{Heap before GC invocations=21 (full 0):
 garbage-first heap   total 89088K, used 79379K [0x00000000a0000000, 0x0000000100000000)
  region size 1024K, 26 young (26624K), 2 survivors (2048K)
 Metaspace       used 66805K, committed 68608K, reserved 278528K
  class space    used 9244K, committed 10176K, reserved 212992K
}
Event: 26.117 GC heap after
{Heap after GC invocations=22 (full 0):
 garbage-first heap   total 89088K, used 56157K [0x00000000a0000000, 0x0000000100000000)
  region size 1024K, 3 young (3072K), 3 survivors (3072K)
 Metaspace       used 66805K, committed 68608K, reserved 278528K
  class space    used 9244K, committed 10176K, reserved 212992K
}
Event: 27.070 GC heap before
{Heap before GC invocations=22 (full 0):
 garbage-first heap   total 89088K, used 78685K [0x00000000a0000000, 0x0000000100000000)
  region size 1024K, 26 young (26624K), 3 survivors (3072K)
 Metaspace       used 70055K, committed 72000K, reserved 278528K
  class space    used 9663K, committed 10624K, reserved 212992K
}
Event: 27.075 GC heap after
{Heap after GC invocations=23 (full 0):
 garbage-first heap   total 89088K, used 55985K [0x00000000a0000000, 0x0000000100000000)
  region size 1024K, 3 young (3072K), 3 survivors (3072K)
 Metaspace       used 70055K, committed 72000K, reserved 278528K
  class space    used 9663K, committed 10624K, reserved 212992K
}
Event: 27.938 GC heap before
{Heap before GC invocations=23 (full 0):
 garbage-first heap   total 89088K, used 79537K [0x00000000a0000000, 0x0000000100000000)
  region size 1024K, 26 young (26624K), 3 survivors (3072K)
 Metaspace       used 72081K, committed 73920K, reserved 278528K
  class space    used 9964K, committed 10880K, reserved 212992K
}
Event: 27.943 GC heap after
{Heap after GC invocations=24 (full 0):
 garbage-first heap   total 89088K, used 56860K [0x00000000a0000000, 0x0000000100000000)
  region size 1024K, 2 young (2048K), 2 survivors (2048K)
 Metaspace       used 72081K, committed 73920K, reserved 278528K
  class space    used 9964K, committed 10880K, reserved 212992K
}
Event: 29.243 GC heap before
{Heap before GC invocations=25 (full 0):
 garbage-first heap   total 96256K, used 79388K [0x00000000a0000000, 0x0000000100000000)
  region size 1024K, 25 young (25600K), 2 survivors (2048K)
 Metaspace       used 73846K, committed 75712K, reserved 278528K
  class space    used 10190K, committed 11136K, reserved 212992K
}
Event: 29.247 GC heap after
{Heap after GC invocations=26 (full 0):
 garbage-first heap   total 96256K, used 57898K [0x00000000a0000000, 0x0000000100000000)
  region size 1024K, 3 young (3072K), 3 survivors (3072K)
 Metaspace       used 73846K, committed 75712K, reserved 278528K
  class space    used 10190K, committed 11136K, reserved 212992K
}
Event: 33.988 GC heap before
{Heap before GC invocations=26 (full 0):
 garbage-first heap   total 96256K, used 89642K [0x00000000a0000000, 0x0000000100000000)
  region size 1024K, 31 young (31744K), 3 survivors (3072K)
 Metaspace       used 75605K, committed 77504K, reserved 344064K
  class space    used 10442K, committed 11392K, reserved 212992K
}
Event: 33.994 GC heap after
{Heap after GC invocations=27 (full 0):
 garbage-first heap   total 96256K, used 62004K [0x00000000a0000000, 0x0000000100000000)
  region size 1024K, 4 young (4096K), 4 survivors (4096K)
 Metaspace       used 75605K, committed 77504K, reserved 344064K
  class space    used 10442K, committed 11392K, reserved 212992K
}
Event: 34.810 GC heap before
{Heap before GC invocations=27 (full 0):
 garbage-first heap   total 96256K, used 85556K [0x00000000a0000000, 0x0000000100000000)
  region size 1024K, 27 young (27648K), 4 survivors (4096K)
 Metaspace       used 77259K, committed 79168K, reserved 344064K
  class space    used 10682K, committed 11648K, reserved 212992K
}
Event: 34.818 GC heap after
{Heap after GC invocations=28 (full 0):
 garbage-first heap   total 96256K, used 64364K [0x00000000a0000000, 0x0000000100000000)
  region size 1024K, 4 young (4096K), 4 survivors (4096K)
 Metaspace       used 77259K, committed 79168K, reserved 344064K
  class space    used 10682K, committed 11648K, reserved 212992K
}
Event: 35.434 GC heap before
{Heap before GC invocations=29 (full 0):
 garbage-first heap   total 107520K, used 84844K [0x00000000a0000000, 0x0000000100000000)
  region size 1024K, 25 young (25600K), 4 survivors (4096K)
 Metaspace       used 78316K, committed 80256K, reserved 344064K
  class space    used 10835K, committed 11776K, reserved 212992K
}
Event: 35.439 GC heap after
{Heap after GC invocations=30 (full 0):
 garbage-first heap   total 107520K, used 66067K [0x00000000a0000000, 0x0000000100000000)
  region size 1024K, 3 young (3072K), 3 survivors (3072K)
 Metaspace       used 78316K, committed 80256K, reserved 344064K
  class space    used 10835K, committed 11776K, reserved 212992K
}

