# JRE version: OpenJDK Runtime Environment (21.0.6) (build 21.0.6+-13391695-b895.109)
# Java VM: OpenJDK 64-Bit Server VM (21.0.6+-13391695-b895.109, mixed mode, tiered, compressed oops, compressed class ptrs, serial gc, windows-amd64)
GC Precious Log:
 CardTable entry size: 512
 CPUs: 8 total, 8 available
 Memory: 7413M
 Large Page Support: Disabled
 NUMA Support: Disabled
 Compressed Oops: Enabled (32-bit)
 Heap Min Capacity: 8M
 Heap Initial Capacity: 116M
 Heap Max Capacity: 1G
 Pre-touch: Disabled
Heap:
 def new generation   total 48704K, used 14855K [0x00000000c0000000, 0x00000000c34d0000, 0x00000000d5550000)
  eden space 43328K,  27% used [0x00000000c0000000, 0x00000000c0bd63d8, 0x00000000c2a50000)
  from space 5376K,  50% used [0x00000000c2a50000, 0x00000000c2cfba58, 0x00000000c2f90000)
  to   space 5376K,   0% used [0x00000000c2f90000, 0x00000000c2f90000, 0x00000000c34d0000)
 tenured generation   total 107104K, used 105000K [0x00000000d5550000, 0x00000000dbde8000, 0x0000000100000000)
   the space 107104K,  98% used [0x00000000d5550000, 0x00000000dbbda030, 0x00000000dbbda200, 0x00000000dbde8000)
 Metaspace       used 113080K, committed 115264K, reserved 294912K
  class space    used 15562K, committed 16640K, reserved 163840K
GC Heap History (20 events):
Event: 33.468 GC heap before
{Heap before GC invocations=29 (full 4):
 def new generation   total 48704K, used 46725K [0x00000000c0000000, 0x00000000c34d0000, 0x00000000d5550000)
  eden space 43328K,  99% used [0x00000000c0000000, 0x00000000c2a0fa00, 0x00000000c2a50000)
  from space 5376K,  67% used [0x00000000c2a50000, 0x00000000c2de1b38, 0x00000000c2f90000)
  to   space 5376K,   0% used [0x00000000c2f90000, 0x00000000c2f90000, 0x00000000c34d0000)
 tenured generation   total 107104K, used 65605K [0x00000000d5550000, 0x00000000dbde8000, 0x0000000100000000)
   the space 107104K,  61% used [0x00000000d5550000, 0x00000000d9561538, 0x00000000d9561600, 0x00000000dbde8000)
 Metaspace       used 84933K, committed 86976K, reserved 294912K
  class space    used 11779K, committed 12800K, reserved 163840K
}
Event: 33.495 GC heap after
{Heap after GC invocations=30 (full 4):
 def new generation   total 48704K, used 5376K [0x00000000c0000000, 0x00000000c34d0000, 0x00000000d5550000)
  eden space 43328K,   0% used [0x00000000c0000000, 0x00000000c0000000, 0x00000000c2a50000)
  from space 5376K, 100% used [0x00000000c2f90000, 0x00000000c34d0000, 0x00000000c34d0000)
  to   space 5376K,   0% used [0x00000000c2a50000, 0x00000000c2a50000, 0x00000000c2f90000)
 tenured generation   total 107104K, used 73593K [0x00000000d5550000, 0x00000000dbde8000, 0x0000000100000000)
   the space 107104K,  68% used [0x00000000d5550000, 0x00000000d9d2e500, 0x00000000d9d2e600, 0x00000000dbde8000)
 Metaspace       used 84933K, committed 86976K, reserved 294912K
  class space    used 11779K, committed 12800K, reserved 163840K
}
Event: 35.076 GC heap before
{Heap before GC invocations=30 (full 4):
 def new generation   total 48704K, used 48704K [0x00000000c0000000, 0x00000000c34d0000, 0x00000000d5550000)
  eden space 43328K, 100% used [0x00000000c0000000, 0x00000000c2a50000, 0x00000000c2a50000)
  from space 5376K, 100% used [0x00000000c2f90000, 0x00000000c34d0000, 0x00000000c34d0000)
  to   space 5376K,   0% used [0x00000000c2a50000, 0x00000000c2a50000, 0x00000000c2f90000)
 tenured generation   total 107104K, used 73593K [0x00000000d5550000, 0x00000000dbde8000, 0x0000000100000000)
   the space 107104K,  68% used [0x00000000d5550000, 0x00000000d9d2e500, 0x00000000d9d2e600, 0x00000000dbde8000)
 Metaspace       used 87152K, committed 89216K, reserved 294912K
  class space    used 12077K, committed 13120K, reserved 163840K
}
Event: 35.097 GC heap after
{Heap after GC invocations=31 (full 4):
 def new generation   total 48704K, used 5376K [0x00000000c0000000, 0x00000000c34d0000, 0x00000000d5550000)
  eden space 43328K,   0% used [0x00000000c0000000, 0x00000000c0000000, 0x00000000c2a50000)
  from space 5376K, 100% used [0x00000000c2a50000, 0x00000000c2f90000, 0x00000000c2f90000)
  to   space 5376K,   0% used [0x00000000c2f90000, 0x00000000c2f90000, 0x00000000c34d0000)
 tenured generation   total 107104K, used 82396K [0x00000000d5550000, 0x00000000dbde8000, 0x0000000100000000)
   the space 107104K,  76% used [0x00000000d5550000, 0x00000000da5c73e8, 0x00000000da5c7400, 0x00000000dbde8000)
 Metaspace       used 87152K, committed 89216K, reserved 294912K
  class space    used 12077K, committed 13120K, reserved 163840K
}
Event: 36.765 GC heap before
{Heap before GC invocations=31 (full 4):
 def new generation   total 48704K, used 48704K [0x00000000c0000000, 0x00000000c34d0000, 0x00000000d5550000)
  eden space 43328K, 100% used [0x00000000c0000000, 0x00000000c2a50000, 0x00000000c2a50000)
  from space 5376K, 100% used [0x00000000c2a50000, 0x00000000c2f90000, 0x00000000c2f90000)
  to   space 5376K,   0% used [0x00000000c2f90000, 0x00000000c2f90000, 0x00000000c34d0000)
 tenured generation   total 107104K, used 82396K [0x00000000d5550000, 0x00000000dbde8000, 0x0000000100000000)
   the space 107104K,  76% used [0x00000000d5550000, 0x00000000da5c73e8, 0x00000000da5c7400, 0x00000000dbde8000)
 Metaspace       used 91792K, committed 93760K, reserved 294912K
  class space    used 12574K, committed 13568K, reserved 163840K
}
Event: 36.787 GC heap after
{Heap after GC invocations=32 (full 4):
 def new generation   total 48704K, used 2300K [0x00000000c0000000, 0x00000000c34d0000, 0x00000000d5550000)
  eden space 43328K,   0% used [0x00000000c0000000, 0x00000000c0000000, 0x00000000c2a50000)
  from space 5376K,  42% used [0x00000000c2f90000, 0x00000000c31cf370, 0x00000000c34d0000)
  to   space 5376K,   0% used [0x00000000c2a50000, 0x00000000c2a50000, 0x00000000c2f90000)
 tenured generation   total 107104K, used 87738K [0x00000000d5550000, 0x00000000dbde8000, 0x0000000100000000)
   the space 107104K,  81% used [0x00000000d5550000, 0x00000000daafeb40, 0x00000000daafec00, 0x00000000dbde8000)
 Metaspace       used 91792K, committed 93760K, reserved 294912K
  class space    used 12574K, committed 13568K, reserved 163840K
}
Event: 37.715 GC heap before
{Heap before GC invocations=32 (full 4):
 def new generation   total 48704K, used 45628K [0x00000000c0000000, 0x00000000c34d0000, 0x00000000d5550000)
  eden space 43328K, 100% used [0x00000000c0000000, 0x00000000c2a50000, 0x00000000c2a50000)
  from space 5376K,  42% used [0x00000000c2f90000, 0x00000000c31cf370, 0x00000000c34d0000)
  to   space 5376K,   0% used [0x00000000c2a50000, 0x00000000c2a50000, 0x00000000c2f90000)
 tenured generation   total 107104K, used 87738K [0x00000000d5550000, 0x00000000dbde8000, 0x0000000100000000)
   the space 107104K,  81% used [0x00000000d5550000, 0x00000000daafeb40, 0x00000000daafec00, 0x00000000dbde8000)
 Metaspace       used 94425K, committed 96512K, reserved 294912K
  class space    used 12912K, committed 13952K, reserved 163840K
}
Event: 37.740 GC heap after
{Heap after GC invocations=33 (full 4):
 def new generation   total 48704K, used 5375K [0x00000000c0000000, 0x00000000c34d0000, 0x00000000d5550000)
  eden space 43328K,   0% used [0x00000000c0000000, 0x00000000c0000000, 0x00000000c2a50000)
  from space 5376K,  99% used [0x00000000c2a50000, 0x00000000c2f8fff8, 0x00000000c2f90000)
  to   space 5376K,   0% used [0x00000000c2f90000, 0x00000000c2f90000, 0x00000000c34d0000)
 tenured generation   total 107104K, used 88990K [0x00000000d5550000, 0x00000000dbde8000, 0x0000000100000000)
   the space 107104K,  83% used [0x00000000d5550000, 0x00000000dac37a78, 0x00000000dac37c00, 0x00000000dbde8000)
 Metaspace       used 94425K, committed 96512K, reserved 294912K
  class space    used 12912K, committed 13952K, reserved 163840K
}
Event: 39.104 GC heap before
{Heap before GC invocations=33 (full 4):
 def new generation   total 48704K, used 48703K [0x00000000c0000000, 0x00000000c34d0000, 0x00000000d5550000)
  eden space 43328K, 100% used [0x00000000c0000000, 0x00000000c2a50000, 0x00000000c2a50000)
  from space 5376K,  99% used [0x00000000c2a50000, 0x00000000c2f8fff8, 0x00000000c2f90000)
  to   space 5376K,   0% used [0x00000000c2f90000, 0x00000000c2f90000, 0x00000000c34d0000)
 tenured generation   total 107104K, used 88990K [0x00000000d5550000, 0x00000000dbde8000, 0x0000000100000000)
   the space 107104K,  83% used [0x00000000d5550000, 0x00000000dac37a78, 0x00000000dac37c00, 0x00000000dbde8000)
 Metaspace       used 97926K, committed 99968K, reserved 294912K
  class space    used 13374K, committed 14400K, reserved 163840K
}
Event: 39.126 GC heap after
{Heap after GC invocations=34 (full 4):
 def new generation   total 48704K, used 2053K [0x00000000c0000000, 0x00000000c34d0000, 0x00000000d5550000)
  eden space 43328K,   0% used [0x00000000c0000000, 0x00000000c0000000, 0x00000000c2a50000)
  from space 5376K,  38% used [0x00000000c2f90000, 0x00000000c3191530, 0x00000000c34d0000)
  to   space 5376K,   0% used [0x00000000c2a50000, 0x00000000c2a50000, 0x00000000c2f90000)
 tenured generation   total 107104K, used 94338K [0x00000000d5550000, 0x00000000dbde8000, 0x0000000100000000)
   the space 107104K,  88% used [0x00000000d5550000, 0x00000000db170bf0, 0x00000000db170c00, 0x00000000dbde8000)
 Metaspace       used 97926K, committed 99968K, reserved 294912K
  class space    used 13374K, committed 14400K, reserved 163840K
}
Event: 40.558 GC heap before
{Heap before GC invocations=34 (full 4):
 def new generation   total 48704K, used 45381K [0x00000000c0000000, 0x00000000c34d0000, 0x00000000d5550000)
  eden space 43328K, 100% used [0x00000000c0000000, 0x00000000c2a50000, 0x00000000c2a50000)
  from space 5376K,  38% used [0x00000000c2f90000, 0x00000000c3191530, 0x00000000c34d0000)
  to   space 5376K,   0% used [0x00000000c2a50000, 0x00000000c2a50000, 0x00000000c2f90000)
 tenured generation   total 107104K, used 94338K [0x00000000d5550000, 0x00000000dbde8000, 0x0000000100000000)
   the space 107104K,  88% used [0x00000000d5550000, 0x00000000db170bf0, 0x00000000db170c00, 0x00000000dbde8000)
 Metaspace       used 100874K, committed 102976K, reserved 294912K
  class space    used 13778K, committed 14848K, reserved 163840K
}
Event: 40.578 GC heap after
{Heap after GC invocations=35 (full 4):
 def new generation   total 48704K, used 4264K [0x00000000c0000000, 0x00000000c34d0000, 0x00000000d5550000)
  eden space 43328K,   0% used [0x00000000c0000000, 0x00000000c0000000, 0x00000000c2a50000)
  from space 5376K,  79% used [0x00000000c2a50000, 0x00000000c2e7a0b8, 0x00000000c2f90000)
  to   space 5376K,   0% used [0x00000000c2f90000, 0x00000000c2f90000, 0x00000000c34d0000)
 tenured generation   total 107104K, used 94338K [0x00000000d5550000, 0x00000000dbde8000, 0x0000000100000000)
   the space 107104K,  88% used [0x00000000d5550000, 0x00000000db170bf0, 0x00000000db170c00, 0x00000000dbde8000)
 Metaspace       used 100874K, committed 102976K, reserved 294912K
  class space    used 13778K, committed 14848K, reserved 163840K
}
Event: 42.795 GC heap before
{Heap before GC invocations=35 (full 4):
 def new generation   total 48704K, used 47592K [0x00000000c0000000, 0x00000000c34d0000, 0x00000000d5550000)
  eden space 43328K, 100% used [0x00000000c0000000, 0x00000000c2a50000, 0x00000000c2a50000)
  from space 5376K,  79% used [0x00000000c2a50000, 0x00000000c2e7a0b8, 0x00000000c2f90000)
  to   space 5376K,   0% used [0x00000000c2f90000, 0x00000000c2f90000, 0x00000000c34d0000)
 tenured generation   total 107104K, used 94338K [0x00000000d5550000, 0x00000000dbde8000, 0x0000000100000000)
   the space 107104K,  88% used [0x00000000d5550000, 0x00000000db170bf0, 0x00000000db170c00, 0x00000000dbde8000)
 Metaspace       used 102581K, committed 104640K, reserved 294912K
  class space    used 14001K, committed 15040K, reserved 163840K
}
Event: 42.835 GC heap after
{Heap after GC invocations=36 (full 4):
 def new generation   total 48704K, used 5376K [0x00000000c0000000, 0x00000000c34d0000, 0x00000000d5550000)
  eden space 43328K,   0% used [0x00000000c0000000, 0x00000000c0000000, 0x00000000c2a50000)
  from space 5376K, 100% used [0x00000000c2f90000, 0x00000000c34d0000, 0x00000000c34d0000)
  to   space 5376K,   0% used [0x00000000c2a50000, 0x00000000c2a50000, 0x00000000c2f90000)
 tenured generation   total 107104K, used 98334K [0x00000000d5550000, 0x00000000dbde8000, 0x0000000100000000)
   the space 107104K,  91% used [0x00000000d5550000, 0x00000000db5579f0, 0x00000000db557a00, 0x00000000dbde8000)
 Metaspace       used 102581K, committed 104640K, reserved 294912K
  class space    used 14001K, committed 15040K, reserved 163840K
}
Event: 43.961 GC heap before
{Heap before GC invocations=36 (full 4):
 def new generation   total 48704K, used 48704K [0x00000000c0000000, 0x00000000c34d0000, 0x00000000d5550000)
  eden space 43328K, 100% used [0x00000000c0000000, 0x00000000c2a50000, 0x00000000c2a50000)
  from space 5376K, 100% used [0x00000000c2f90000, 0x00000000c34d0000, 0x00000000c34d0000)
  to   space 5376K,   0% used [0x00000000c2a50000, 0x00000000c2a50000, 0x00000000c2f90000)
 tenured generation   total 107104K, used 98334K [0x00000000d5550000, 0x00000000dbde8000, 0x0000000100000000)
   the space 107104K,  91% used [0x00000000d5550000, 0x00000000db5579f0, 0x00000000db557a00, 0x00000000dbde8000)
 Metaspace       used 105584K, committed 107712K, reserved 294912K
  class space    used 14412K, committed 15488K, reserved 163840K
}
Event: 43.986 GC heap after
{Heap after GC invocations=37 (full 4):
 def new generation   total 48704K, used 1828K [0x00000000c0000000, 0x00000000c34d0000, 0x00000000d5550000)
  eden space 43328K,   0% used [0x00000000c0000000, 0x00000000c0000000, 0x00000000c2a50000)
  from space 5376K,  34% used [0x00000000c2a50000, 0x00000000c2c19228, 0x00000000c2f90000)
  to   space 5376K,   0% used [0x00000000c2f90000, 0x00000000c2f90000, 0x00000000c34d0000)
 tenured generation   total 107104K, used 103521K [0x00000000d5550000, 0x00000000dbde8000, 0x0000000100000000)
   the space 107104K,  96% used [0x00000000d5550000, 0x00000000dba68500, 0x00000000dba68600, 0x00000000dbde8000)
 Metaspace       used 105584K, committed 107712K, reserved 294912K
  class space    used 14412K, committed 15488K, reserved 163840K
}
Event: 45.226 GC heap before
{Heap before GC invocations=37 (full 4):
 def new generation   total 48704K, used 45156K [0x00000000c0000000, 0x00000000c34d0000, 0x00000000d5550000)
  eden space 43328K, 100% used [0x00000000c0000000, 0x00000000c2a50000, 0x00000000c2a50000)
  from space 5376K,  34% used [0x00000000c2a50000, 0x00000000c2c19228, 0x00000000c2f90000)
  to   space 5376K,   0% used [0x00000000c2f90000, 0x00000000c2f90000, 0x00000000c34d0000)
 tenured generation   total 107104K, used 103521K [0x00000000d5550000, 0x00000000dbde8000, 0x0000000100000000)
   the space 107104K,  96% used [0x00000000d5550000, 0x00000000dba68500, 0x00000000dba68600, 0x00000000dbde8000)
 Metaspace       used 109126K, committed 111232K, reserved 294912K
  class space    used 15047K, committed 16128K, reserved 163840K
}
Event: 45.239 GC heap after
{Heap after GC invocations=38 (full 4):
 def new generation   total 48704K, used 2833K [0x00000000c0000000, 0x00000000c34d0000, 0x00000000d5550000)
  eden space 43328K,   0% used [0x00000000c0000000, 0x00000000c0000000, 0x00000000c2a50000)
  from space 5376K,  52% used [0x00000000c2f90000, 0x00000000c32547d0, 0x00000000c34d0000)
  to   space 5376K,   0% used [0x00000000c2a50000, 0x00000000c2a50000, 0x00000000c2f90000)
 tenured generation   total 107104K, used 103521K [0x00000000d5550000, 0x00000000dbde8000, 0x0000000100000000)
   the space 107104K,  96% used [0x00000000d5550000, 0x00000000dba68500, 0x00000000dba68600, 0x00000000dbde8000)
 Metaspace       used 109126K, committed 111232K, reserved 294912K
  class space    used 15047K, committed 16128K, reserved 163840K
}
Event: 46.123 GC heap before
{Heap before GC invocations=38 (full 4):
 def new generation   total 48704K, used 46161K [0x00000000c0000000, 0x00000000c34d0000, 0x00000000d5550000)
  eden space 43328K, 100% used [0x00000000c0000000, 0x00000000c2a50000, 0x00000000c2a50000)
  from space 5376K,  52% used [0x00000000c2f90000, 0x00000000c32547d0, 0x00000000c34d0000)
  to   space 5376K,   0% used [0x00000000c2a50000, 0x00000000c2a50000, 0x00000000c2f90000)
 tenured generation   total 107104K, used 103521K [0x00000000d5550000, 0x00000000dbde8000, 0x0000000100000000)
   the space 107104K,  96% used [0x00000000d5550000, 0x00000000dba68500, 0x00000000dba68600, 0x00000000dbde8000)
 Metaspace       used 112206K, committed 114368K, reserved 294912K
  class space    used 15429K, committed 16512K, reserved 163840K
}
Event: 46.138 GC heap after
{Heap after GC invocations=39 (full 4):
 def new generation   total 48704K, used 2734K [0x00000000c0000000, 0x00000000c34d0000, 0x00000000d5550000)
  eden space 43328K,   0% used [0x00000000c0000000, 0x00000000c0000000, 0x00000000c2a50000)
  from space 5376K,  50% used [0x00000000c2a50000, 0x00000000c2cfba58, 0x00000000c2f90000)
  to   space 5376K,   0% used [0x00000000c2f90000, 0x00000000c2f90000, 0x00000000c34d0000)
 tenured generation   total 107104K, used 105000K [0x00000000d5550000, 0x00000000dbde8000, 0x0000000100000000)
   the space 107104K,  98% used [0x00000000d5550000, 0x00000000dbbda030, 0x00000000dbbda200, 0x00000000dbde8000)
 Metaspace       used 112206K, committed 114368K, reserved 294912K
  class space    used 15429K, committed 16512K, reserved 163840K
}

